<?xml version="1.0" encoding="UTF-8"?>
<!-- Generated by org.testng.reporters.JUnitReportReporter -->
<testsuite skipped="0" hostname="DESKTOP-1LS90RN" name="MagentoTest" tests="1" failures="0" timestamp="30 Apr 2020 13:50:38 GMT" time="42.477" errors="0">
  <testcase name="positiveCredential" time="42.477" classname="MagentoTest"/>
</testsuite> <!-- MagentoTest -->
